mode: set
/Users/stanik/Documents/repos/_openreq/openreq-git/twitter/ri-orchestration-twitter/model.go:32.81,33.78 1 0
/Users/stanik/Documents/repos/_openreq/openreq-git/twitter/ri-orchestration-twitter/model.go:36.2,36.14 1 0
/Users/stanik/Documents/repos/_openreq/openreq-git/twitter/ri-orchestration-twitter/model.go:33.78,35.3 1 0
/Users/stanik/Documents/repos/_openreq/openreq-git/twitter/ri-orchestration-twitter/observer.go:14.24,21.41 5 0
/Users/stanik/Documents/repos/_openreq/openreq-git/twitter/ri-orchestration-twitter/observer.go:27.2,27.18 1 0
/Users/stanik/Documents/repos/_openreq/openreq-git/twitter/ri-orchestration-twitter/observer.go:21.41,22.50 1 0
/Users/stanik/Documents/repos/_openreq/openreq-git/twitter/ri-orchestration-twitter/observer.go:25.3,25.44 1 0
/Users/stanik/Documents/repos/_openreq/openreq-git/twitter/ri-orchestration-twitter/observer.go:22.50,23.12 1 0
/Users/stanik/Documents/repos/_openreq/openreq-git/twitter/ri-orchestration-twitter/observer.go:30.50,36.91 5 0
/Users/stanik/Documents/repos/_openreq/openreq-git/twitter/ri-orchestration-twitter/observer.go:47.2,53.94 3 0
/Users/stanik/Documents/repos/_openreq/openreq-git/twitter/ri-orchestration-twitter/observer.go:79.2,79.16 1 0
/Users/stanik/Documents/repos/_openreq/openreq-git/twitter/ri-orchestration-twitter/observer.go:82.2,82.48 1 0
/Users/stanik/Documents/repos/_openreq/openreq-git/twitter/ri-orchestration-twitter/observer.go:36.91,37.60 1 0
/Users/stanik/Documents/repos/_openreq/openreq-git/twitter/ri-orchestration-twitter/observer.go:37.60,40.4 2 0
/Users/stanik/Documents/repos/_openreq/openreq-git/twitter/ri-orchestration-twitter/observer.go:40.9,44.4 2 0
/Users/stanik/Documents/repos/_openreq/openreq-git/twitter/ri-orchestration-twitter/observer.go:53.94,58.30 5 0
/Users/stanik/Documents/repos/_openreq/openreq-git/twitter/ri-orchestration-twitter/observer.go:62.3,64.60 3 0
/Users/stanik/Documents/repos/_openreq/openreq-git/twitter/ri-orchestration-twitter/observer.go:68.3,70.19 2 0
/Users/stanik/Documents/repos/_openreq/openreq-git/twitter/ri-orchestration-twitter/observer.go:58.30,60.4 1 0
/Users/stanik/Documents/repos/_openreq/openreq-git/twitter/ri-orchestration-twitter/observer.go:64.60,67.4 2 0
/Users/stanik/Documents/repos/_openreq/openreq-git/twitter/ri-orchestration-twitter/observer.go:70.19,72.43 2 0
/Users/stanik/Documents/repos/_openreq/openreq-git/twitter/ri-orchestration-twitter/observer.go:76.4,76.70 1 0
/Users/stanik/Documents/repos/_openreq/openreq-git/twitter/ri-orchestration-twitter/observer.go:72.43,75.5 2 0
/Users/stanik/Documents/repos/_openreq/openreq-git/twitter/ri-orchestration-twitter/observer.go:79.16,81.3 1 0
/Users/stanik/Documents/repos/_openreq/openreq-git/twitter/ri-orchestration-twitter/observer.go:85.48,87.77 2 0
/Users/stanik/Documents/repos/_openreq/openreq-git/twitter/ri-orchestration-twitter/observer.go:95.2,95.14 1 0
/Users/stanik/Documents/repos/_openreq/openreq-git/twitter/ri-orchestration-twitter/observer.go:87.77,93.3 4 0
/Users/stanik/Documents/repos/_openreq/openreq-git/twitter/ri-orchestration-twitter/observer.go:98.52,102.20 4 0
/Users/stanik/Documents/repos/_openreq/openreq-git/twitter/ri-orchestration-twitter/observer.go:107.2,112.59 5 0
/Users/stanik/Documents/repos/_openreq/openreq-git/twitter/ri-orchestration-twitter/observer.go:116.2,118.18 2 0
/Users/stanik/Documents/repos/_openreq/openreq-git/twitter/ri-orchestration-twitter/observer.go:126.2,126.56 1 0
/Users/stanik/Documents/repos/_openreq/openreq-git/twitter/ri-orchestration-twitter/observer.go:102.20,104.3 1 0
/Users/stanik/Documents/repos/_openreq/openreq-git/twitter/ri-orchestration-twitter/observer.go:104.8,106.3 1 0
/Users/stanik/Documents/repos/_openreq/openreq-git/twitter/ri-orchestration-twitter/observer.go:112.59,115.3 2 0
/Users/stanik/Documents/repos/_openreq/openreq-git/twitter/ri-orchestration-twitter/observer.go:118.18,120.42 2 0
/Users/stanik/Documents/repos/_openreq/openreq-git/twitter/ri-orchestration-twitter/observer.go:124.3,124.69 1 0
/Users/stanik/Documents/repos/_openreq/openreq-git/twitter/ri-orchestration-twitter/observer.go:120.42,123.4 2 0
/Users/stanik/Documents/repos/_openreq/openreq-git/twitter/ri-orchestration-twitter/observer.go:129.24,131.65 2 0
/Users/stanik/Documents/repos/_openreq/openreq-git/twitter/ri-orchestration-twitter/observer.go:134.2,134.78 1 0
/Users/stanik/Documents/repos/_openreq/openreq-git/twitter/ri-orchestration-twitter/observer.go:131.65,133.3 1 0
/Users/stanik/Documents/repos/_openreq/openreq-git/twitter/ri-orchestration-twitter/observer.go:137.50,138.18 1 0
/Users/stanik/Documents/repos/_openreq/openreq-git/twitter/ri-orchestration-twitter/observer.go:139.18,140.23 1 0
/Users/stanik/Documents/repos/_openreq/openreq-git/twitter/ri-orchestration-twitter/observer.go:141.16,142.19 1 0
/Users/stanik/Documents/repos/_openreq/openreq-git/twitter/ri-orchestration-twitter/observer.go:143.15,144.18 1 0
/Users/stanik/Documents/repos/_openreq/openreq-git/twitter/ri-orchestration-twitter/observer.go:145.18,146.21 1 0
/Users/stanik/Documents/repos/_openreq/openreq-git/twitter/ri-orchestration-twitter/observer.go:147.16,148.19 1 0
/Users/stanik/Documents/repos/_openreq/openreq-git/twitter/ri-orchestration-twitter/observer.go:149.17,150.20 1 0
/Users/stanik/Documents/repos/_openreq/openreq-git/twitter/ri-orchestration-twitter/observer.go:151.12,152.25 1 0
/Users/stanik/Documents/repos/_openreq/openreq-git/twitter/ri-orchestration-twitter/observer.go:153.12,154.25 1 0
/Users/stanik/Documents/repos/_openreq/openreq-git/twitter/ri-orchestration-twitter/observer.go:155.10,156.18 1 0
/Users/stanik/Documents/repos/_openreq/openreq-git/twitter/ri-orchestration-twitter/observer.go:160.69,162.2 1 0
/Users/stanik/Documents/repos/_openreq/openreq-git/twitter/ri-orchestration-twitter/observer.go:164.44,167.22 3 0
/Users/stanik/Documents/repos/_openreq/openreq-git/twitter/ri-orchestration-twitter/observer.go:180.2,180.15 1 0
/Users/stanik/Documents/repos/_openreq/openreq-git/twitter/ri-orchestration-twitter/observer.go:167.22,172.23 4 0
/Users/stanik/Documents/repos/_openreq/openreq-git/twitter/ri-orchestration-twitter/observer.go:172.23,177.4 4 0
/Users/stanik/Documents/repos/_openreq/openreq-git/twitter/ri-orchestration-twitter/observer.go:183.58,185.2 1 0
/Users/stanik/Documents/repos/_openreq/openreq-git/twitter/ri-orchestration-twitter/observer.go:187.51,189.2 1 0
/Users/stanik/Documents/repos/_openreq/openreq-git/twitter/ri-orchestration-twitter/observer.go:191.48,193.2 1 0
/Users/stanik/Documents/repos/_openreq/openreq-git/twitter/ri-orchestration-twitter/observer.go:195.54,197.2 1 0
/Users/stanik/Documents/repos/_openreq/openreq-git/twitter/ri-orchestration-twitter/observer.go:199.37,201.2 1 0
/Users/stanik/Documents/repos/_openreq/openreq-git/twitter/ri-orchestration-twitter/observer.go:203.34,205.84 2 0
/Users/stanik/Documents/repos/_openreq/openreq-git/twitter/ri-orchestration-twitter/observer.go:208.2,208.16 1 0
/Users/stanik/Documents/repos/_openreq/openreq-git/twitter/ri-orchestration-twitter/observer.go:211.2,211.36 1 0
/Users/stanik/Documents/repos/_openreq/openreq-git/twitter/ri-orchestration-twitter/observer.go:205.84,207.3 1 0
/Users/stanik/Documents/repos/_openreq/openreq-git/twitter/ri-orchestration-twitter/observer.go:208.16,210.3 1 0
/Users/stanik/Documents/repos/_openreq/openreq-git/twitter/ri-orchestration-twitter/observer.go:214.45,216.65 2 0
/Users/stanik/Documents/repos/_openreq/openreq-git/twitter/ri-orchestration-twitter/observer.go:230.2,230.65 1 0
/Users/stanik/Documents/repos/_openreq/openreq-git/twitter/ri-orchestration-twitter/observer.go:216.65,219.23 3 0
/Users/stanik/Documents/repos/_openreq/openreq-git/twitter/ri-orchestration-twitter/observer.go:223.3,224.53 2 0
/Users/stanik/Documents/repos/_openreq/openreq-git/twitter/ri-orchestration-twitter/observer.go:228.3,228.54 1 0
/Users/stanik/Documents/repos/_openreq/openreq-git/twitter/ri-orchestration-twitter/observer.go:219.23,221.12 2 0
/Users/stanik/Documents/repos/_openreq/openreq-git/twitter/ri-orchestration-twitter/observer.go:224.53,227.4 2 0
/Users/stanik/Documents/repos/_openreq/openreq-git/twitter/ri-orchestration-twitter/rest_handler.go:43.35,46.16 3 1
/Users/stanik/Documents/repos/_openreq/openreq-git/twitter/ri-orchestration-twitter/rest_handler.go:49.2,62.15 5 1
/Users/stanik/Documents/repos/_openreq/openreq-git/twitter/ri-orchestration-twitter/rest_handler.go:46.16,48.3 1 0
/Users/stanik/Documents/repos/_openreq/openreq-git/twitter/ri-orchestration-twitter/rest_handler.go:66.75,69.16 3 0
/Users/stanik/Documents/repos/_openreq/openreq-git/twitter/ri-orchestration-twitter/rest_handler.go:73.2,75.16 3 0
/Users/stanik/Documents/repos/_openreq/openreq-git/twitter/ri-orchestration-twitter/rest_handler.go:78.2,80.30 2 0
/Users/stanik/Documents/repos/_openreq/openreq-git/twitter/ri-orchestration-twitter/rest_handler.go:69.16,71.3 1 0
/Users/stanik/Documents/repos/_openreq/openreq-git/twitter/ri-orchestration-twitter/rest_handler.go:75.16,77.3 1 0
/Users/stanik/Documents/repos/_openreq/openreq-git/twitter/ri-orchestration-twitter/rest_handler.go:84.62,89.16 4 0
/Users/stanik/Documents/repos/_openreq/openreq-git/twitter/ri-orchestration-twitter/rest_handler.go:93.2,96.16 3 0
/Users/stanik/Documents/repos/_openreq/openreq-git/twitter/ri-orchestration-twitter/rest_handler.go:101.2,101.19 1 0
/Users/stanik/Documents/repos/_openreq/openreq-git/twitter/ri-orchestration-twitter/rest_handler.go:89.16,92.3 2 0
/Users/stanik/Documents/repos/_openreq/openreq-git/twitter/ri-orchestration-twitter/rest_handler.go:96.16,99.3 2 0
/Users/stanik/Documents/repos/_openreq/openreq-git/twitter/ri-orchestration-twitter/rest_handler.go:105.78,108.16 3 0
/Users/stanik/Documents/repos/_openreq/openreq-git/twitter/ri-orchestration-twitter/rest_handler.go:112.2,114.16 3 0
/Users/stanik/Documents/repos/_openreq/openreq-git/twitter/ri-orchestration-twitter/rest_handler.go:118.2,119.16 2 0
/Users/stanik/Documents/repos/_openreq/openreq-git/twitter/ri-orchestration-twitter/rest_handler.go:122.2,124.30 2 0
/Users/stanik/Documents/repos/_openreq/openreq-git/twitter/ri-orchestration-twitter/rest_handler.go:108.16,110.3 1 0
/Users/stanik/Documents/repos/_openreq/openreq-git/twitter/ri-orchestration-twitter/rest_handler.go:114.16,117.3 2 0
/Users/stanik/Documents/repos/_openreq/openreq-git/twitter/ri-orchestration-twitter/rest_handler.go:119.16,121.3 1 0
/Users/stanik/Documents/repos/_openreq/openreq-git/twitter/ri-orchestration-twitter/rest_handler.go:128.81,134.16 5 0
/Users/stanik/Documents/repos/_openreq/openreq-git/twitter/ri-orchestration-twitter/rest_handler.go:138.2,141.16 3 0
/Users/stanik/Documents/repos/_openreq/openreq-git/twitter/ri-orchestration-twitter/rest_handler.go:146.2,146.17 1 0
/Users/stanik/Documents/repos/_openreq/openreq-git/twitter/ri-orchestration-twitter/rest_handler.go:134.16,137.3 2 0
/Users/stanik/Documents/repos/_openreq/openreq-git/twitter/ri-orchestration-twitter/rest_handler.go:141.16,144.3 2 0
/Users/stanik/Documents/repos/_openreq/openreq-git/twitter/ri-orchestration-twitter/rest_handler.go:150.66,156.16 5 0
/Users/stanik/Documents/repos/_openreq/openreq-git/twitter/ri-orchestration-twitter/rest_handler.go:160.2,163.16 3 0
/Users/stanik/Documents/repos/_openreq/openreq-git/twitter/ri-orchestration-twitter/rest_handler.go:168.2,168.14 1 0
/Users/stanik/Documents/repos/_openreq/openreq-git/twitter/ri-orchestration-twitter/rest_handler.go:156.16,159.3 2 0
/Users/stanik/Documents/repos/_openreq/openreq-git/twitter/ri-orchestration-twitter/rest_handler.go:163.16,166.3 2 0
/Users/stanik/Documents/repos/_openreq/openreq-git/twitter/ri-orchestration-twitter/rest_handler.go:172.66,178.16 5 0
/Users/stanik/Documents/repos/_openreq/openreq-git/twitter/ri-orchestration-twitter/rest_handler.go:182.2,185.16 3 0
/Users/stanik/Documents/repos/_openreq/openreq-git/twitter/ri-orchestration-twitter/rest_handler.go:190.2,190.15 1 0
/Users/stanik/Documents/repos/_openreq/openreq-git/twitter/ri-orchestration-twitter/rest_handler.go:178.16,181.3 2 0
/Users/stanik/Documents/repos/_openreq/openreq-git/twitter/ri-orchestration-twitter/rest_handler.go:185.16,188.3 2 0
/Users/stanik/Documents/repos/_openreq/openreq-git/twitter/ri-orchestration-twitter/rest_handler.go:193.81,199.16 5 0
/Users/stanik/Documents/repos/_openreq/openreq-git/twitter/ri-orchestration-twitter/rest_handler.go:203.2,206.16 3 0
/Users/stanik/Documents/repos/_openreq/openreq-git/twitter/ri-orchestration-twitter/rest_handler.go:211.2,211.15 1 0
/Users/stanik/Documents/repos/_openreq/openreq-git/twitter/ri-orchestration-twitter/rest_handler.go:199.16,202.3 2 0
/Users/stanik/Documents/repos/_openreq/openreq-git/twitter/ri-orchestration-twitter/rest_handler.go:206.16,209.3 2 0
/Users/stanik/Documents/repos/_openreq/openreq-git/twitter/ri-orchestration-twitter/rest_handler.go:215.66,220.16 4 0
/Users/stanik/Documents/repos/_openreq/openreq-git/twitter/ri-orchestration-twitter/rest_handler.go:224.2,226.16 3 0
/Users/stanik/Documents/repos/_openreq/openreq-git/twitter/ri-orchestration-twitter/rest_handler.go:229.2,232.16 3 0
/Users/stanik/Documents/repos/_openreq/openreq-git/twitter/ri-orchestration-twitter/rest_handler.go:236.2,236.25 1 0
/Users/stanik/Documents/repos/_openreq/openreq-git/twitter/ri-orchestration-twitter/rest_handler.go:220.16,222.3 1 0
/Users/stanik/Documents/repos/_openreq/openreq-git/twitter/ri-orchestration-twitter/rest_handler.go:226.16,228.3 1 0
/Users/stanik/Documents/repos/_openreq/openreq-git/twitter/ri-orchestration-twitter/rest_handler.go:232.16,234.3 1 0
/Users/stanik/Documents/repos/_openreq/openreq-git/twitter/ri-orchestration-twitter/rest_handler.go:240.47,243.16 3 0
/Users/stanik/Documents/repos/_openreq/openreq-git/twitter/ri-orchestration-twitter/rest_handler.go:247.2,249.16 3 0
/Users/stanik/Documents/repos/_openreq/openreq-git/twitter/ri-orchestration-twitter/rest_handler.go:252.2,254.30 2 0
/Users/stanik/Documents/repos/_openreq/openreq-git/twitter/ri-orchestration-twitter/rest_handler.go:243.16,245.3 1 0
/Users/stanik/Documents/repos/_openreq/openreq-git/twitter/ri-orchestration-twitter/rest_handler.go:249.16,251.3 1 0
/Users/stanik/Documents/repos/_openreq/openreq-git/twitter/ri-orchestration-twitter/rest_handler.go:258.57,261.16 3 0
/Users/stanik/Documents/repos/_openreq/openreq-git/twitter/ri-orchestration-twitter/rest_handler.go:265.2,267.16 3 0
/Users/stanik/Documents/repos/_openreq/openreq-git/twitter/ri-orchestration-twitter/rest_handler.go:270.2,272.30 2 0
/Users/stanik/Documents/repos/_openreq/openreq-git/twitter/ri-orchestration-twitter/rest_handler.go:261.16,263.3 1 0
/Users/stanik/Documents/repos/_openreq/openreq-git/twitter/ri-orchestration-twitter/rest_handler.go:267.16,269.3 1 0
/Users/stanik/Documents/repos/_openreq/openreq-git/twitter/ri-orchestration-twitter/rest_handler.go:276.58,281.16 4 0
/Users/stanik/Documents/repos/_openreq/openreq-git/twitter/ri-orchestration-twitter/rest_handler.go:285.2,287.16 3 0
/Users/stanik/Documents/repos/_openreq/openreq-git/twitter/ri-orchestration-twitter/rest_handler.go:290.2,293.16 3 0
/Users/stanik/Documents/repos/_openreq/openreq-git/twitter/ri-orchestration-twitter/rest_handler.go:297.2,297.20 1 0
/Users/stanik/Documents/repos/_openreq/openreq-git/twitter/ri-orchestration-twitter/rest_handler.go:281.16,283.3 1 0
/Users/stanik/Documents/repos/_openreq/openreq-git/twitter/ri-orchestration-twitter/rest_handler.go:287.16,289.3 1 0
/Users/stanik/Documents/repos/_openreq/openreq-git/twitter/ri-orchestration-twitter/rest_handler.go:293.16,295.3 1 0
/Users/stanik/Documents/repos/_openreq/openreq-git/twitter/ri-orchestration-twitter/rest_handler.go:301.49,304.16 3 0
/Users/stanik/Documents/repos/_openreq/openreq-git/twitter/ri-orchestration-twitter/rest_handler.go:308.2,310.16 3 0
/Users/stanik/Documents/repos/_openreq/openreq-git/twitter/ri-orchestration-twitter/rest_handler.go:313.2,315.30 2 0
/Users/stanik/Documents/repos/_openreq/openreq-git/twitter/ri-orchestration-twitter/rest_handler.go:304.16,306.3 1 0
/Users/stanik/Documents/repos/_openreq/openreq-git/twitter/ri-orchestration-twitter/rest_handler.go:310.16,312.3 1 0
/Users/stanik/Documents/repos/_openreq/openreq-git/twitter/ri-orchestration-twitter/set.go:18.20,22.2 3 1
/Users/stanik/Documents/repos/_openreq/openreq-git/twitter/ri-orchestration-twitter/set.go:24.61,26.2 1 0
/Users/stanik/Documents/repos/_openreq/openreq-git/twitter/ri-orchestration-twitter/set.go:28.34,30.2 1 0
/Users/stanik/Documents/repos/_openreq/openreq-git/twitter/ri-orchestration-twitter/set.go:32.41,35.2 2 0
/Users/stanik/Documents/repos/_openreq/openreq-git/twitter/ri-orchestration-twitter/set.go:37.31,39.23 2 0
/Users/stanik/Documents/repos/_openreq/openreq-git/twitter/ri-orchestration-twitter/set.go:44.2,44.32 1 0
/Users/stanik/Documents/repos/_openreq/openreq-git/twitter/ri-orchestration-twitter/set.go:39.23,42.3 2 0
/Users/stanik/Documents/repos/_openreq/openreq-git/twitter/ri-orchestration-twitter/starter.go:15.13,33.2 13 0
/Users/stanik/Documents/repos/_openreq/openreq-git/twitter/ri-orchestration-twitter/starter.go:43.75,54.43 8 0
/Users/stanik/Documents/repos/_openreq/openreq-git/twitter/ri-orchestration-twitter/starter.go:61.2,65.9 3 0
/Users/stanik/Documents/repos/_openreq/openreq-git/twitter/ri-orchestration-twitter/starter.go:71.2,77.105 4 0
/Users/stanik/Documents/repos/_openreq/openreq-git/twitter/ri-orchestration-twitter/starter.go:54.43,59.3 4 0
/Users/stanik/Documents/repos/_openreq/openreq-git/twitter/ri-orchestration-twitter/starter.go:65.9,69.3 3 0
/Users/stanik/Documents/repos/_openreq/openreq-git/twitter/ri-orchestration-twitter/starter.go:80.81,91.2 6 0
/Users/stanik/Documents/repos/_openreq/openreq-git/twitter/ri-orchestration-twitter/starter.go:101.64,110.43 7 0
/Users/stanik/Documents/repos/_openreq/openreq-git/twitter/ri-orchestration-twitter/starter.go:116.2,116.37 1 0
/Users/stanik/Documents/repos/_openreq/openreq-git/twitter/ri-orchestration-twitter/starter.go:122.2,125.100 3 0
/Users/stanik/Documents/repos/_openreq/openreq-git/twitter/ri-orchestration-twitter/starter.go:110.43,114.3 3 0
/Users/stanik/Documents/repos/_openreq/openreq-git/twitter/ri-orchestration-twitter/starter.go:116.37,120.3 3 0
